<?xml version="1.0" encoding="UTF-8"?>
<!-- Generated by org.testng.reporters.JUnitXMLReporter -->
<testsuite hostname="Johnson" ignored="0" name="Test" tests="4" failures="0" timestamp="01 Apr 2018 19:34:57 GMT" time="0.057" errors="0">
  <testcase name="BrowserAutomation" time="0.017" classname="qaclickacademy.SeleniumTest"/>
  <testcase name="elementsUi" time="0.001" classname="qaclickacademy.SeleniumTest"/>
  <testcase name="deleteTwitter" time="0.0" classname="qaclickacademy.RestApiTest"/>
  <testcase name="postJira" time="0.0" classname="qaclickacademy.RestApiTest"/>
</testsuite> <!-- Test -->
