<?xml version="1.0" encoding="UTF-8"?>
<testng-results skipped="0" failed="0" ignored="0" total="2" passed="2">
  <reporter-output>
  </reporter-output>
  <suite name="Default suite" duration-ms="66" started-at="2018-03-28T01:14:43Z" finished-at="2018-03-28T01:14:43Z">
    <groups>
    </groups>
    <test name="Default test" duration-ms="66" started-at="2018-03-28T01:14:43Z" finished-at="2018-03-28T01:14:43Z">
      <class name="qaclickacademy.AppiumTest">
        <test-method status="PASS" signature="IOSApps()[pri:0, instance:qaclickacademy.AppiumTest@2ef5e5e3]" name="IOSApps" duration-ms="20" started-at="2018-03-28T01:14:43Z" finished-at="2018-03-28T01:14:43Z">
          <reporter-output>
          </reporter-output>
        </test-method> <!-- IOSApps -->
        <test-method status="PASS" signature="NativeAPpAndroid()[pri:0, instance:qaclickacademy.AppiumTest@2ef5e5e3]" name="NativeAPpAndroid" duration-ms="4" started-at="2018-03-28T01:14:43Z" finished-at="2018-03-28T01:14:43Z">
          <reporter-output>
          </reporter-output>
        </test-method> <!-- NativeAPpAndroid -->
      </class> <!-- qaclickacademy.AppiumTest -->
    </test> <!-- Default test -->
  </suite> <!-- Default suite -->
</testng-results>
